{"E:\\Web\\Shop\\src\\entities\\Email\\index.ts": {"path":"E:\\Web\\Shop\\src\\entities\\Email\\index.ts","statementMap":{},"fnMap":{},"branchMap":{},"s":{},"f":{},"b":{},"_coverageSchema":"1a1c01bbd47fc00a2c39e90264f33305004495a9","hash":"c9efb384ef8780242c8387f5351901f3c0dc0d4e"}
,"E:\\Web\\Shop\\src\\entities\\Email\\models\\selectors\\getEmail\\getEmail.ts": {"path":"E:\\Web\\Shop\\src\\entities\\Email\\models\\selectors\\getEmail\\getEmail.ts","statementMap":{"0":{"start":{"line":5,"column":24},"end":{"line":5,"column":97}},"1":{"start":{"line":5,"column":78},"end":{"line":5,"column":96}}},"fnMap":{"0":{"name":"(anonymous_0)","decl":{"start":{"line":5,"column":54},"end":{"line":5,"column":55}},"loc":{"start":{"line":5,"column":78},"end":{"line":5,"column":96}},"line":5}},"branchMap":{"0":{"loc":{"start":{"line":5,"column":78},"end":{"line":5,"column":96}},"type":"binary-expr","locations":[{"start":{"line":5,"column":78},"end":{"line":5,"column":90}},{"start":{"line":5,"column":94},"end":{"line":5,"column":96}}],"line":5}},"s":{"0":2,"1":1},"f":{"0":1},"b":{"0":[1,0]},"_coverageSchema":"1a1c01bbd47fc00a2c39e90264f33305004495a9","hash":"fbda792c8c2109eb8c2d1c1a847b8f7cc8f3ae50"}
,"E:\\Web\\Shop\\src\\entities\\Email\\models\\selectors\\getEmailState\\getEmailState.ts": {"path":"E:\\Web\\Shop\\src\\entities\\Email\\models\\selectors\\getEmailState\\getEmailState.ts","statementMap":{"0":{"start":{"line":3,"column":29},"end":{"line":3,"column":65}},"1":{"start":{"line":3,"column":54},"end":{"line":3,"column":65}}},"fnMap":{"0":{"name":"(anonymous_0)","decl":{"start":{"line":3,"column":29},"end":{"line":3,"column":30}},"loc":{"start":{"line":3,"column":54},"end":{"line":3,"column":65}},"line":3}},"branchMap":{},"s":{"0":2,"1":1},"f":{"0":1},"b":{},"_coverageSchema":"1a1c01bbd47fc00a2c39e90264f33305004495a9","hash":"3d3c510bfe10593c4ab0bfd3305dd2bc31c72b66"}
,"E:\\Web\\Shop\\src\\entities\\Email\\models\\slice\\emailSlice.ts": {"path":"E:\\Web\\Shop\\src\\entities\\Email\\models\\slice\\emailSlice.ts","statementMap":{"0":{"start":{"line":4,"column":34},"end":{"line":7,"column":1}},"1":{"start":{"line":9,"column":26},"end":{"line":17,"column":2}},"2":{"start":{"line":14,"column":12},"end":{"line":14,"column":40}},"3":{"start":{"line":19,"column":28},"end":{"line":19,"column":46}},"4":{"start":{"line":20,"column":28},"end":{"line":20,"column":46}}},"fnMap":{"0":{"name":"(anonymous_0)","decl":{"start":{"line":13,"column":8},"end":{"line":13,"column":9}},"loc":{"start":{"line":13,"column":56},"end":{"line":15,"column":9}},"line":13}},"branchMap":{},"s":{"0":2,"1":2,"2":1,"3":2,"4":2},"f":{"0":1},"b":{},"_coverageSchema":"1a1c01bbd47fc00a2c39e90264f33305004495a9","hash":"f9cbb6546dcb5318f226753df7f131e26974e1a5"}
,"E:\\Web\\Shop\\src\\entities\\Password\\index.ts": {"path":"E:\\Web\\Shop\\src\\entities\\Password\\index.ts","statementMap":{},"fnMap":{},"branchMap":{},"s":{},"f":{},"b":{},"_coverageSchema":"1a1c01bbd47fc00a2c39e90264f33305004495a9","hash":"e42ac8226cef6c2d112f8bdadf86eee1526bd204"}
,"E:\\Web\\Shop\\src\\entities\\Password\\models\\selectors\\getPassword\\getPassword.ts": {"path":"E:\\Web\\Shop\\src\\entities\\Password\\models\\selectors\\getPassword\\getPassword.ts","statementMap":{"0":{"start":{"line":5,"column":27},"end":{"line":5,"column":109}},"1":{"start":{"line":5,"column":87},"end":{"line":5,"column":108}}},"fnMap":{"0":{"name":"(anonymous_0)","decl":{"start":{"line":5,"column":60},"end":{"line":5,"column":61}},"loc":{"start":{"line":5,"column":87},"end":{"line":5,"column":108}},"line":5}},"branchMap":{"0":{"loc":{"start":{"line":5,"column":87},"end":{"line":5,"column":108}},"type":"binary-expr","locations":[{"start":{"line":5,"column":87},"end":{"line":5,"column":102}},{"start":{"line":5,"column":106},"end":{"line":5,"column":108}}],"line":5}},"s":{"0":2,"1":1},"f":{"0":1},"b":{"0":[1,0]},"_coverageSchema":"1a1c01bbd47fc00a2c39e90264f33305004495a9","hash":"56e779360ab7147ec96422768c0903d6f81d0d30"}
,"E:\\Web\\Shop\\src\\entities\\Password\\models\\selectors\\getStatePassword\\getStatePassword.ts": {"path":"E:\\Web\\Shop\\src\\entities\\Password\\models\\selectors\\getStatePassword\\getStatePassword.ts","statementMap":{"0":{"start":{"line":4,"column":32},"end":{"line":4,"column":71}},"1":{"start":{"line":4,"column":57},"end":{"line":4,"column":71}}},"fnMap":{"0":{"name":"(anonymous_0)","decl":{"start":{"line":4,"column":32},"end":{"line":4,"column":33}},"loc":{"start":{"line":4,"column":57},"end":{"line":4,"column":71}},"line":4}},"branchMap":{},"s":{"0":2,"1":1},"f":{"0":1},"b":{},"_coverageSchema":"1a1c01bbd47fc00a2c39e90264f33305004495a9","hash":"c3f639169402e3f8333a302fd0b048a62b7d46fa"}
,"E:\\Web\\Shop\\src\\entities\\Password\\models\\slice\\passwordSlice.tsx": {"path":"E:\\Web\\Shop\\src\\entities\\Password\\models\\slice\\passwordSlice.tsx","statementMap":{"0":{"start":{"line":3,"column":37},"end":{"line":5,"column":1}},"1":{"start":{"line":7,"column":29},"end":{"line":15,"column":2}},"2":{"start":{"line":12,"column":12},"end":{"line":12,"column":43}},"3":{"start":{"line":17,"column":31},"end":{"line":17,"column":52}},"4":{"start":{"line":18,"column":31},"end":{"line":18,"column":52}}},"fnMap":{"0":{"name":"(anonymous_0)","decl":{"start":{"line":11,"column":8},"end":{"line":11,"column":9}},"loc":{"start":{"line":11,"column":59},"end":{"line":13,"column":9}},"line":11}},"branchMap":{},"s":{"0":2,"1":2,"2":1,"3":2,"4":2},"f":{"0":1},"b":{},"_coverageSchema":"1a1c01bbd47fc00a2c39e90264f33305004495a9","hash":"0cd7c4d61ae1f32c86b8f0311b77ef05ff031bf5"}
,"E:\\Web\\Shop\\src\\entities\\User\\index.ts": {"path":"E:\\Web\\Shop\\src\\entities\\User\\index.ts","statementMap":{},"fnMap":{},"branchMap":{},"s":{},"f":{},"b":{},"_coverageSchema":"1a1c01bbd47fc00a2c39e90264f33305004495a9","hash":"bc2c5f9044f54feb7b24ad48039e0808fd254d87"}
,"E:\\Web\\Shop\\src\\entities\\User\\models\\slice\\userSlice.ts": {"path":"E:\\Web\\Shop\\src\\entities\\User\\models\\slice\\userSlice.ts","statementMap":{"0":{"start":{"line":4,"column":33},"end":{"line":5,"column":1}},"1":{"start":{"line":7,"column":18},"end":{"line":15,"column":2}},"2":{"start":{"line":12,"column":12},"end":{"line":12,"column":43}},"3":{"start":{"line":17,"column":28},"end":{"line":17,"column":45}},"4":{"start":{"line":18,"column":27},"end":{"line":18,"column":44}}},"fnMap":{"0":{"name":"(anonymous_0)","decl":{"start":{"line":11,"column":8},"end":{"line":11,"column":9}},"loc":{"start":{"line":11,"column":54},"end":{"line":13,"column":9}},"line":11}},"branchMap":{},"s":{"0":1,"1":1,"2":0,"3":1,"4":1},"f":{"0":0},"b":{},"_coverageSchema":"1a1c01bbd47fc00a2c39e90264f33305004495a9","hash":"16a3f8355ceac886ed41fb057981f445de728ae9"}
,"E:\\Web\\Shop\\src\\features\\ModelLogin\\models\\actions\\authUser.ts": {"path":"E:\\Web\\Shop\\src\\features\\ModelLogin\\models\\actions\\authUser.ts","statementMap":{"0":{"start":{"line":8,"column":24},"end":{"line":22,"column":2}},"1":{"start":{"line":9,"column":42},"end":{"line":9,"column":50}},"2":{"start":{"line":11,"column":4},"end":{"line":21,"column":5}},"3":{"start":{"line":12,"column":21},"end":{"line":12,"column":61}},"4":{"start":{"line":13,"column":8},"end":{"line":15,"column":9}},"5":{"start":{"line":14,"column":12},"end":{"line":14,"column":29}},"6":{"start":{"line":16,"column":8},"end":{"line":16,"column":78}},"7":{"start":{"line":17,"column":8},"end":{"line":17,"column":37}},"8":{"start":{"line":18,"column":8},"end":{"line":18,"column":24}},"9":{"start":{"line":20,"column":8},"end":{"line":20,"column":55}}},"fnMap":{"0":{"name":"(anonymous_0)","decl":{"start":{"line":8,"column":70},"end":{"line":8,"column":71}},"loc":{"start":{"line":8,"column":101},"end":{"line":22,"column":1}},"line":8}},"branchMap":{"0":{"loc":{"start":{"line":13,"column":8},"end":{"line":15,"column":9}},"type":"if","locations":[{"start":{"line":13,"column":8},"end":{"line":15,"column":9}},{"start":{},"end":{}}],"line":13}},"s":{"0":1,"1":1,"2":1,"3":1,"4":0,"5":0,"6":0,"7":0,"8":0,"9":1},"f":{"0":1},"b":{"0":[0,0]},"_coverageSchema":"1a1c01bbd47fc00a2c39e90264f33305004495a9","hash":"f65ec5cb14951f231d65bd669544dc9f9c8f7b1d"}
,"E:\\Web\\Shop\\src\\share\\api\\api.ts": {"path":"E:\\Web\\Shop\\src\\share\\api\\api.ts","statementMap":{"0":{"start":{"line":4,"column":16},"end":{"line":4,"column":51}},"1":{"start":{"line":5,"column":19},"end":{"line":11,"column":2}}},"fnMap":{},"branchMap":{"0":{"loc":{"start":{"line":4,"column":16},"end":{"line":4,"column":51}},"type":"binary-expr","locations":[{"start":{"line":4,"column":16},"end":{"line":4,"column":23}},{"start":{"line":4,"column":27},"end":{"line":4,"column":51}}],"line":4}},"s":{"0":1,"1":1},"f":{},"b":{"0":[1,0]},"_coverageSchema":"1a1c01bbd47fc00a2c39e90264f33305004495a9","hash":"af1b23d2b854e71022e81cf0f3db53cd69a1cb6a"}
,"E:\\Web\\Shop\\src\\share\\const\\localstorage.ts": {"path":"E:\\Web\\Shop\\src\\share\\const\\localstorage.ts","statementMap":{"0":{"start":{"line":1,"column":37},"end":{"line":1,"column":43}}},"fnMap":{},"branchMap":{},"s":{"0":1},"f":{},"b":{},"_coverageSchema":"1a1c01bbd47fc00a2c39e90264f33305004495a9","hash":"be940590f186a0f7f5d773f13c80559a470f85a6"}
,"E:\\Web\\Shop\\src\\share\\libs\\useClassName\\useClassName.tsx": {"path":"E:\\Web\\Shop\\src\\share\\libs\\useClassName\\useClassName.tsx","statementMap":{"0":{"start":{"line":7,"column":28},"end":{"line":13,"column":1}},"1":{"start":{"line":8,"column":4},"end":{"line":12,"column":15}},"2":{"start":{"line":10,"column":52},"end":{"line":10,"column":71}},"3":{"start":{"line":10,"column":90},"end":{"line":10,"column":100}}},"fnMap":{"0":{"name":"(anonymous_0)","decl":{"start":{"line":7,"column":28},"end":{"line":7,"column":29}},"loc":{"start":{"line":7,"column":73},"end":{"line":13,"column":1}},"line":7},"1":{"name":"(anonymous_1)","decl":{"start":{"line":10,"column":39},"end":{"line":10,"column":40}},"loc":{"start":{"line":10,"column":52},"end":{"line":10,"column":71}},"line":10},"2":{"name":"(anonymous_2)","decl":{"start":{"line":10,"column":77},"end":{"line":10,"column":78}},"loc":{"start":{"line":10,"column":90},"end":{"line":10,"column":100}},"line":10}},"branchMap":{},"s":{"0":2,"1":4,"2":2,"3":1},"f":{"0":4,"1":2,"2":1},"b":{},"_coverageSchema":"1a1c01bbd47fc00a2c39e90264f33305004495a9","hash":"504a3f3b031347da3560f08954f2a65504a3d789"}
,"E:\\Web\\Shop\\src\\share\\ui\\ButtonCustom\\index.ts": {"path":"E:\\Web\\Shop\\src\\share\\ui\\ButtonCustom\\index.ts","statementMap":{},"fnMap":{},"branchMap":{},"s":{},"f":{},"b":{},"_coverageSchema":"1a1c01bbd47fc00a2c39e90264f33305004495a9","hash":"5bf650905645020216a707684651cd57c947c5b1"}
,"E:\\Web\\Shop\\src\\share\\ui\\ButtonCustom\\ui\\ButtonCustom.tsx": {"path":"E:\\Web\\Shop\\src\\share\\ui\\ButtonCustom\\ui\\ButtonCustom.tsx","statementMap":{"0":{"start":{"line":20,"column":57},"end":{"line":26,"column":2}},"1":{"start":{"line":21,"column":4},"end":{"line":25,"column":8}}},"fnMap":{"0":{"name":"(anonymous_0)","decl":{"start":{"line":20,"column":62},"end":{"line":20,"column":63}},"loc":{"start":{"line":20,"column":130},"end":{"line":26,"column":1}},"line":20}},"branchMap":{},"s":{"0":1,"1":1},"f":{"0":1},"b":{},"_coverageSchema":"1a1c01bbd47fc00a2c39e90264f33305004495a9","hash":"961dbd28c5137b377dcb57a600c76a46ce8f5e3a"}
}
